\BOOKMARK [0][-]{chapter.1}{Instalaci\363n y configuraci\363n de la red}{}% 1
\BOOKMARK [1][-]{section.1.1}{Consultar el nombre de las interfaces de red}{chapter.1}% 2
\BOOKMARK [1][-]{section.1.2}{Configuraci\363n temporal de las interfaces de red}{chapter.1}% 3
\BOOKMARK [1][-]{section.1.3}{Agregar resolvers de DNS \(*Opcional\)}{chapter.1}% 4
\BOOKMARK [1][-]{section.1.4}{Gestionando el servicio de gestion de la red}{chapter.1}% 5
\BOOKMARK [1][-]{section.1.5}{\277Estamos conectados a internet?}{chapter.1}% 6
\BOOKMARK [1][-]{section.1.6}{Instalar herramientas de red}{chapter.1}% 7
\BOOKMARK [1][-]{section.1.7}{Problema con el driver de la tarjeta wifi}{chapter.1}% 8
\BOOKMARK [1][-]{section.1.8}{Problema con la MAC aleatoria del NetworkManager}{chapter.1}% 9
\BOOKMARK [1][-]{section.1.9}{Reconfiguraci\363n de la red}{chapter.1}% 10
\BOOKMARK [0][-]{chapter.2}{Instalaci\363n de software esencial}{}% 11
\BOOKMARK [1][-]{section.2.1}{Configuraci\363n de los repositorios}{chapter.2}% 12
\BOOKMARK [1][-]{section.2.2}{Actualizaci\363n de las fuentes}{chapter.2}% 13
\BOOKMARK [1][-]{section.2.3}{Actualizaci\363n de los paquetes de software instalados \(*Opcional\)}{chapter.2}% 14
\BOOKMARK [1][-]{section.2.4}{Instalaci\363n de los controladores}{chapter.2}% 15
\BOOKMARK [1][-]{section.2.5}{Instalaci\363n del servicio de interfaz grafica}{chapter.2}% 16
\BOOKMARK [1][-]{section.2.6}{Reinstalacion o instalaci\363n del gestor de pantalla}{chapter.2}% 17
\BOOKMARK [1][-]{section.2.7}{Instalaci\363n de los programas esenciales}{chapter.2}% 18
\BOOKMARK [0][-]{chapter.3}{Instalaci\363n de software especifico}{}% 19
\BOOKMARK [1][-]{section.3.1}{Instalaci\363n de paquetes de sonido}{chapter.3}% 20
\BOOKMARK [1][-]{section.3.2}{Instalaci\363n de paquetes especificos}{chapter.3}% 21
